<?xml version="1.0" encoding="UTF-8"?>
<project version="4">
  <component name="ChangeListManager">
    <list default="true" id="c76c9c0c-7550-47ed-8f76-1da5a11b4847" name="Default Changelist" comment="" />
    <option name="SHOW_DIALOG" value="false" />
    <option name="HIGHLIGHT_CONFLICTS" value="true" />
    <option name="HIGHLIGHT_NON_ACTIVE_CHANGELIST" value="false" />
    <option name="LAST_RESOLUTION" value="IGNORE" />
  </component>
  <component name="FileTemplateManagerImpl">
    <option name="RECENT_TEMPLATES">
      <list>
        <option value="Class" />
      </list>
    </option>
  </component>
  <component name="MavenImportPreferences">
    <option name="importingSettings">
      <MavenImportingSettings>
        <option name="importAutomatically" value="true" />
      </MavenImportingSettings>
    </option>
  </component>
  <component name="ProjectId" id="1ZObXlt1ZRRuby9uE0GtA24Kac6" />
  <component name="ProjectViewState">
    <option name="hideEmptyMiddlePackages" value="true" />
    <option name="showExcludedFiles" value="true" />
    <option name="showLibraryContents" value="true" />
  </component>
  <component name="PropertiesComponent">
    <property name="RunOnceActivity.ShowReadmeOnStart" value="true" />
  </component>
  <component name="RunManager">
    <configuration name="untitled-1.0-SNAPSHOT.jar" type="JarApplication" temporary="true">
      <option name="JAR_PATH" value="$PROJECT_DIR$/target/untitled-1.0-SNAPSHOT.jar" />
      <method v="2" />
    </configuration>
    <recent_temporary>
      <list>
        <item itemvalue="JAR Application.untitled-1.0-SNAPSHOT.jar" />
      </list>
    </recent_temporary>
  </component>
  <component name="SvnConfiguration">
    <configuration />
  </component>
  <component name="TaskManager">
    <task active="true" id="Default" summary="Default task">
      <changelist id="c76c9c0c-7550-47ed-8f76-1da5a11b4847" name="Default Changelist" comment="" />
      <created>1584713130408</created>
      <option name="number" value="Default" />
      <option name="presentableId" value="Default" />
      <updated>1584713130408</updated>
    </task>
    <servers />
  </component>
  <component name="WindowStateProjectService">
    <state width="1921" height="289" key="GridCell.Tab.0.bottom" timestamp="1584975099694">
      <screen x="0" y="0" width="1920" height="1040" />
    </state>
    <state width="1921" height="289" key="GridCell.Tab.0.bottom/0.0.1920.1040@0.0.1920.1040" timestamp="1584975099694" />
    <state width="1921" height="289" key="GridCell.Tab.0.center" timestamp="1584975099694">
      <screen x="0" y="0" width="1920" height="1040" />
    </state>
    <state width="1921" height="289" key="GridCell.Tab.0.center/0.0.1920.1040@0.0.1920.1040" timestamp="1584975099694" />
    <state width="1921" height="289" key="GridCell.Tab.0.left" timestamp="1584975099694">
      <screen x="0" y="0" width="1920" height="1040" />
    </state>
    <state width="1921" height="289" key="GridCell.Tab.0.left/0.0.1920.1040@0.0.1920.1040" timestamp="1584975099694" />
    <state width="1921" height="289" key="GridCell.Tab.0.right" timestamp="1584975099694">
      <screen x="0" y="0" width="1920" height="1040" />
    </state>
    <state width="1921" height="289" key="GridCell.Tab.0.right/0.0.1920.1040@0.0.1920.1040" timestamp="1584975099694" />
    <state x="1147" y="344" key="com.intellij.ide.util.TipDialog" timestamp="1584972040235">
      <screen x="0" y="0" width="1920" height="1040" />
    </state>
    <state x="1147" y="344" key="com.intellij.ide.util.TipDialog/0.0.1920.1040@0.0.1920.1040" timestamp="1584972040235" />
  </component>
</project>